0 info it worked if it ends with ok
1 verbose cli [ '/Users/zhengyunping/.nvm/versions/node/v6.2.2/bin/node',
1 verbose cli   '/Users/zhengyunping/.nvm/versions/node/v6.2.2/bin/npm',
1 verbose cli   'run',
1 verbose cli   'dev' ]
2 info using npm@3.9.5
3 info using node@v6.2.2
4 verbose run-script [ 'predev', 'dev', 'postdev' ]
5 info lifecycle auction@1.2.8~predev: auction@1.2.8
6 silly lifecycle auction@1.2.8~predev: no script for predev, continuing
7 info lifecycle auction@1.2.8~dev: auction@1.2.8
8 verbose lifecycle auction@1.2.8~dev: unsafe-perm in lifecycle true
9 verbose lifecycle auction@1.2.8~dev: PATH: /Users/zhengyunping/.nvm/versions/node/v6.2.2/lib/node_modules/npm/bin/node-gyp-bin:/Library/WebServer/Documents/wx-action-new/auction/node_modules/.bin:/Users/zhengyunping/.nvm/versions/node/v6.2.2/bin:/Users/zhengyunping/.nvm/versions/node/v6.2.2/bin:/usr/local/bin:/usr/bin:/bin:/usr/sbin:/sbin
10 verbose lifecycle auction@1.2.8~dev: CWD: /Library/WebServer/Documents/wx-action-new/auction
11 silly lifecycle auction@1.2.8~dev: Args: [ '-c', 'cross-env NODE_ENV=development wepy build --watch' ]
12 silly lifecycle auction@1.2.8~dev: Returned: code: 1  signal: null
13 info lifecycle auction@1.2.8~dev: Failed to exec dev script
14 verbose stack Error: auction@1.2.8 dev: `cross-env NODE_ENV=development wepy build --watch`
14 verbose stack Exit status 1
14 verbose stack     at EventEmitter.<anonymous> (/Users/zhengyunping/.nvm/versions/node/v6.2.2/lib/node_modules/npm/lib/utils/lifecycle.js:245:16)
14 verbose stack     at emitTwo (events.js:106:13)
14 verbose stack     at EventEmitter.emit (events.js:191:7)
14 verbose stack     at ChildProcess.<anonymous> (/Users/zhengyunping/.nvm/versions/node/v6.2.2/lib/node_modules/npm/lib/utils/spawn.js:24:14)
14 verbose stack     at emitTwo (events.js:106:13)
14 verbose stack     at ChildProcess.emit (events.js:191:7)
14 verbose stack     at maybeClose (internal/child_process.js:852:16)
14 verbose stack     at Process.ChildProcess._handle.onexit (internal/child_process.js:215:5)
15 verbose pkgid auction@1.2.8
16 verbose cwd /Library/WebServer/Documents/wx-action-new/auction
17 error Darwin 15.6.0
18 error argv "/Users/zhengyunping/.nvm/versions/node/v6.2.2/bin/node" "/Users/zhengyunping/.nvm/versions/node/v6.2.2/bin/npm" "run" "dev"
19 error node v6.2.2
20 error npm  v3.9.5
21 error code ELIFECYCLE
22 error auction@1.2.8 dev: `cross-env NODE_ENV=development wepy build --watch`
22 error Exit status 1
23 error Failed at the auction@1.2.8 dev script 'cross-env NODE_ENV=development wepy build --watch'.
23 error Make sure you have the latest version of node.js and npm installed.
23 error If you do, this is most likely a problem with the auction package,
23 error not with npm itself.
23 error Tell the author that this fails on your system:
23 error     cross-env NODE_ENV=development wepy build --watch
23 error You can get information on how to open an issue for this project with:
23 error     npm bugs auction
23 error Or if that isn't available, you can get their info via:
23 error     npm owner ls auction
23 error There is likely additional logging output above.
24 verbose exit [ 1, true ]
